Client_App/app/build/intermediates/manifest_merge_blame_file/debug/manifest-merger-blame-debug-report.txt
1<?xml version="1.0" encoding="utf-8"?>
2<manifest xmlns:android="http://schemas.android.com/apk/res/android"
3    package="com.elitesoftware.appmarketplace.v2"
4    android:versionCode="10097"
5    android:versionName="1.0.97" >
6
7    <uses-sdk
8        android:minSdkVersion="24"
9        android:targetSdkVersion="34" />
10
11    <uses-permission android:name="android.permission.INTERNET" />
11-->src\main\AndroidManifest.xml:4:5-67
11-->src\main\AndroidManifest.xml:4:22-64
12    <uses-permission android:name="android.permission.ACCESS_WIFI_STATE" />
12-->src\main\AndroidManifest.xml:5:5-76
12-->src\main\AndroidManifest.xml:5:22-73
13    <uses-permission android:name="android.permission.CHANGE_WIFI_MULTICAST_STATE" />
13-->src\main\AndroidManifest.xml:6:5-86
13-->src\main\AndroidManifest.xml:6:22-83
14    <uses-permission android:name="android.permission.REQUEST_INSTALL_PACKAGES" />
14-->src\main\AndroidManifest.xml:7:5-83
14-->src\main\AndroidManifest.xml:7:22-80
15    <uses-permission android:name="moe.shizuku.manager.permission.API_V23" />
15-->src\main\AndroidManifest.xml:8:5-78
15-->src\main\AndroidManifest.xml:8:22-75
16    <uses-permission android:name="com.rosan.dhizuku.permission.API" />
16-->src\main\AndroidManifest.xml:9:5-72
16-->src\main\AndroidManifest.xml:9:22-69
17    <uses-permission android:name="android.permission.POST_NOTIFICATIONS" />
17-->src\main\AndroidManifest.xml:10:5-77
17-->src\main\AndroidManifest.xml:10:22-74
18    <uses-permission android:name="android.permission.QUERY_ALL_PACKAGES" />
18-->src\main\AndroidManifest.xml:11:5-77
18-->src\main\AndroidManifest.xml:11:22-74
19
20    <queries>
20-->[io.github.iamr0s:Dhizuku-API:2.4] AndroidManifest.xml:9:5-11:15
21        <provider android:authorities="com.rosan.dhizuku.server.provider" />
21-->[io.github.iamr0s:Dhizuku-API:2.4] AndroidManifest.xml:10:9-77
21-->[io.github.iamr0s:Dhizuku-API:2.4] AndroidManifest.xml:10:19-74
22    </queries>
23
24    <permission
24-->[androidx.core:core:1.9.0] AndroidManifest.xml:22:5-24:47
25        android:name="com.elitesoftware.appmarketplace.v2.DYNAMIC_RECEIVER_NOT_EXPORTED_PERMISSION"
25-->[androidx.core:core:1.9.0] AndroidManifest.xml:23:9-81
26        android:protectionLevel="signature" />
26-->[androidx.core:core:1.9.0] AndroidManifest.xml:24:9-44
27
28    <uses-permission android:name="com.elitesoftware.appmarketplace.v2.DYNAMIC_RECEIVER_NOT_EXPORTED_PERMISSION" />
28-->[androidx.core:core:1.9.0] AndroidManifest.xml:26:5-97
28-->[androidx.core:core:1.9.0] AndroidManifest.xml:26:22-94
29
30    <application
30-->src\main\AndroidManifest.xml:13:5-49:19
31        android:allowBackup="true"
31-->src\main\AndroidManifest.xml:14:9-35
32        android:appComponentFactory="androidx.core.app.CoreComponentFactory"
32-->[androidx.core:core:1.9.0] AndroidManifest.xml:28:18-86
33        android:debuggable="true"
34        android:extractNativeLibs="false"
35        android:icon="@mipmap/ic_launcher"
35-->src\main\AndroidManifest.xml:15:9-43
36        android:label="@string/app_name"
36-->src\main\AndroidManifest.xml:16:9-41
37        android:roundIcon="@mipmap/ic_launcher"
37-->src\main\AndroidManifest.xml:17:9-48
38        android:supportsRtl="true"
38-->src\main\AndroidManifest.xml:18:9-35
39        android:theme="@style/Theme.AppCompat.DayNight.NoActionBar"
39-->src\main\AndroidManifest.xml:20:9-68
40        android:usesCleartextTraffic="true" >
40-->src\main\AndroidManifest.xml:19:9-44
41        <activity
41-->src\main\AndroidManifest.xml:22:9-30:20
42            android:name="com.elitesoftware.appmarketplace.v2.MainActivity"
42-->src\main\AndroidManifest.xml:23:13-41
43            android:exported="true"
43-->src\main\AndroidManifest.xml:24:13-36
44            android:label="@string/app_name" >
44-->src\main\AndroidManifest.xml:25:13-45
45            <intent-filter>
45-->src\main\AndroidManifest.xml:26:13-29:29
46                <action android:name="android.intent.action.MAIN" />
46-->src\main\AndroidManifest.xml:27:17-69
46-->src\main\AndroidManifest.xml:27:25-66
47
48                <category android:name="android.intent.category.LAUNCHER" />
48-->src\main\AndroidManifest.xml:28:17-77
48-->src\main\AndroidManifest.xml:28:27-74
49            </intent-filter>
50        </activity>
51        <activity
51-->src\main\AndroidManifest.xml:32:9-35:43
52            android:name="com.elitesoftware.appmarketplace.v2.AppDetailActivity"
52-->src\main\AndroidManifest.xml:33:13-46
53            android:exported="false"
53-->src\main\AndroidManifest.xml:34:13-37
54            android:label="App Details" />
54-->src\main\AndroidManifest.xml:35:13-40
55        <activity android:name="com.elitesoftware.appmarketplace.v2.UploadActivity" />
55-->src\main\AndroidManifest.xml:36:9-52
55-->src\main\AndroidManifest.xml:36:19-49
56
57        <provider
58            android:name="androidx.core.content.FileProvider"
58-->src\main\AndroidManifest.xml:39:13-62
59            android:authorities="com.elitesoftware.appmarketplace.v2.provider"
59-->src\main\AndroidManifest.xml:40:13-60
60            android:exported="false"
60-->src\main\AndroidManifest.xml:41:13-37
61            android:grantUriPermissions="true" >
61-->src\main\AndroidManifest.xml:42:13-47
62            <meta-data
62-->src\main\AndroidManifest.xml:43:13-45:58
63                android:name="android.support.FILE_PROVIDER_PATHS"
63-->src\main\AndroidManifest.xml:44:17-67
64                android:resource="@xml/provider_paths" />
64-->src\main\AndroidManifest.xml:45:17-55
65        </provider>
66
67        <service
67-->src\main\AndroidManifest.xml:48:9-80
68            android:name="com.elitesoftware.appmarketplace.v2.UpdateCheckService"
68-->src\main\AndroidManifest.xml:48:18-52
69            android:exported="false" />
69-->src\main\AndroidManifest.xml:48:53-77
70
71        <meta-data
71-->[dev.rikka.shizuku:provider:13.1.0] AndroidManifest.xml:13:9-15:36
72            android:name="moe.shizuku.client.V3_SUPPORT"
72-->[dev.rikka.shizuku:provider:13.1.0] AndroidManifest.xml:14:13-57
73            android:value="true" />
73-->[dev.rikka.shizuku:provider:13.1.0] AndroidManifest.xml:15:13-33
74
75        <provider
75-->[androidx.emoji2:emoji2:1.2.0] AndroidManifest.xml:24:9-32:20
76            android:name="androidx.startup.InitializationProvider"
76-->[androidx.emoji2:emoji2:1.2.0] AndroidManifest.xml:25:13-67
77            android:authorities="com.elitesoftware.appmarketplace.v2.androidx-startup"
77-->[androidx.emoji2:emoji2:1.2.0] AndroidManifest.xml:26:13-68
78            android:exported="false" >
78-->[androidx.emoji2:emoji2:1.2.0] AndroidManifest.xml:27:13-37
79            <meta-data
79-->[androidx.emoji2:emoji2:1.2.0] AndroidManifest.xml:29:13-31:52
80                android:name="androidx.emoji2.text.EmojiCompatInitializer"
80-->[androidx.emoji2:emoji2:1.2.0] AndroidManifest.xml:30:17-75
81                android:value="androidx.startup" />
81-->[androidx.emoji2:emoji2:1.2.0] AndroidManifest.xml:31:17-49
82            <meta-data
82-->[androidx.lifecycle:lifecycle-process:2.4.1] AndroidManifest.xml:31:13-33:52
83                android:name="androidx.lifecycle.ProcessLifecycleInitializer"
83-->[androidx.lifecycle:lifecycle-process:2.4.1] AndroidManifest.xml:32:17-78
84                android:value="androidx.startup" />
84-->[androidx.lifecycle:lifecycle-process:2.4.1] AndroidManifest.xml:33:17-49
85        </provider>
86    </application>
87
88</manifest>